<?xml version="1.0" encoding="UTF-8" standalone="no"?>
<testsuite failures="0" name="cucumber.runtime.formatter.JUnitFormatter" skipped="0" tests="1" time="10.80397">
<testcase classname="Movimentacao" name="Criar Movimentação" time="10.80397">
<system-out><![CDATA[Dado eu ja tenha um cadastro no site E tenha acessado a pagina de movimentacao.passed
Quando eu criar a movimentacao..............................................passed
Entao devo ver a mensagem de confirmacao....................................passed
]]></system-out>
</testcase>
</testsuite>
